
==> Checking project folder
[OK] Project root: C:\Users\jainh\Desktop\stitch_emotionsense_ai_mobile_interface

==> Checking required tools
[OK] Node: v20.20.2
[OK] npm: 10.8.2
[OK] node_modules already exists

==> Checking Expo
[OK] Port 8083 is available

==> Starting Expo
Command: npx expo start --port 8083

env: load .env
env: export EXPO_NO_DEPENDENCY_VALIDATION
Starting project at C:\Users\jainh\Desktop\stitch_emotionsense_ai_mobile_interface
Starting Metro Bundler
Waiting on http://localhost:8083
Logs for your project will appear below.
Android .\index.js ░░░░░░░░░░░░░░░░  0.0% (0/1)
Android .\index.js ░░░░░░░░░░░░░░░░  1.0% (1/1)
Android .\index.js ▓░░░░░░░░░░░░░░░  9.0% ( 3/17)
Android .\index.js ▓░░░░░░░░░░░░░░░ 11.1% ( 8/24)
Android .\index.js ▓▓░░░░░░░░░░░░░░ 14.1% ( 9/27)
Android .\index.js ▓▓░░░░░░░░░░░░░░ 14.1% (10/28)
Android .\index.js ▓▓░░░░░░░░░░░░░░ 14.1% ( 10/111)
Android .\index.js ▓▓░░░░░░░░░░░░░░ 14.1% ( 17/140)
Android .\index.js ▓▓░░░░░░░░░░░░░░ 14.1% ( 23/158)
Android .\index.js ▓▓░░░░░░░░░░░░░░ 14.1% ( 27/159)
Android .\index.js ▓▓░░░░░░░░░░░░░░ 14.1% ( 27/166)
Android .\index.js ▓▓░░░░░░░░░░░░░░ 14.1% ( 30/171)
Android .\index.js ▓▓░░░░░░░░░░░░░░ 14.1% ( 34/174)
Android .\index.js ▓▓░░░░░░░░░░░░░░ 14.1% ( 38/181)
Android .\index.js ▓▓░░░░░░░░░░░░░░ 14.1% ( 41/195)
Android .\index.js ▓▓░░░░░░░░░░░░░░ 14.1% ( 46/208)
Android .\index.js ▓▓░░░░░░░░░░░░░░ 14.1% ( 51/216)
Android .\index.js ▓▓░░░░░░░░░░░░░░ 14.1% ( 62/224)
Android .\index.js ▓▓░░░░░░░░░░░░░░ 14.1% ( 72/237)
Android .\index.js ▓▓░░░░░░░░░░░░░░ 14.1% ( 83/248)
Android .\index.js ▓▓░░░░░░░░░░░░░░ 14.1% ( 95/261)
Android .\index.js ▓▓░░░░░░░░░░░░░░ 16.4% (110/272)
Android .\index.js ▓▓▓░░░░░░░░░░░░░ 22.2% (133/282)
Android .\index.js ▓▓▓░░░░░░░░░░░░░ 22.5% (138/324)
Android .\index.js ▓▓▓░░░░░░░░░░░░░ 22.5% (150/341)
Android .\index.js ▓▓▓░░░░░░░░░░░░░ 22.9% (168/352)
Android .\index.js ▓▓▓░░░░░░░░░░░░░ 24.6% (180/363)
Android .\index.js ▓▓▓▓░░░░░░░░░░░░ 26.8% (194/376)
Android .\index.js ▓▓▓▓░░░░░░░░░░░░ 28.2% (205/401)
Android .\index.js ▓▓▓▓░░░░░░░░░░░░ 29.2% (223/418)
Android .\index.js ▓▓▓▓░░░░░░░░░░░░ 29.4% (236/435)
Android .\index.js ▓▓▓▓▓░░░░░░░░░░░ 31.9% (253/448)
Android .\index.js ▓▓▓▓▓░░░░░░░░░░░ 32.7% (264/462)
Android .\index.js ▓▓▓▓▓░░░░░░░░░░░ 32.8% (272/477)
Android .\index.js ▓▓▓▓▓░░░░░░░░░░░ 36.3% (294/491)
Android .\index.js ▓▓▓▓▓▓░░░░░░░░░░ 40.1% (316/510)
Android .\index.js ▓▓▓▓▓▓░░░░░░░░░░ 40.1% (325/525)
Android .\index.js ▓▓▓▓▓▓░░░░░░░░░░ 40.1% (330/564)
Android .\index.js ▓▓▓▓▓▓░░░░░░░░░░ 40.1% (336/568)
Android .\index.js ▓▓▓▓▓▓░░░░░░░░░░ 40.1% (356/579)
Android .\index.js ▓▓▓▓▓▓░░░░░░░░░░ 40.3% (371/587)
Android .\index.js ▓▓▓▓▓▓░░░░░░░░░░ 42.7% (387/598)
Android .\index.js ▓▓▓▓▓▓▓░░░░░░░░░ 45.2% (406/604)
Android .\index.js ▓▓▓▓▓▓▓▓░░░░░░░░ 50.3% (434/614)
Android .\index.js ▓▓▓▓▓▓▓▓░░░░░░░░ 52.6% (449/619)
Android .\index.js ▓▓▓▓▓▓▓▓░░░░░░░░ 54.6% (465/634)
Android .\index.js ▓▓▓▓▓▓▓▓▓░░░░░░░ 59.1% (495/644)
Android .\index.js ▓▓▓▓▓▓▓▓▓░░░░░░░ 60.2% (509/656)
Android .\index.js ▓▓▓▓▓▓▓▓▓▓░░░░░░ 63.9% (525/661)
Android .\index.js ▓▓▓▓▓▓▓▓▓▓░░░░░░ 63.9% (540/701)
Android .\index.js ▓▓▓▓▓▓▓▓▓▓░░░░░░ 63.9% (560/742)
Android .\index.js ▓▓▓▓▓▓▓▓▓▓░░░░░░ 63.9% (568/749)
Android .\index.js ▓▓▓▓▓▓▓▓▓▓░░░░░░ 63.9% (584/759)
Android .\index.js ▓▓▓▓▓▓▓▓▓▓░░░░░░ 63.9% (596/768)
Android .\index.js ▓▓▓▓▓▓▓▓▓▓░░░░░░ 63.9% (611/778)
Android .\index.js ▓▓▓▓▓▓▓▓▓▓░░░░░░ 63.9% (622/783)
Android .\index.js ▓▓▓▓▓▓▓▓▓▓░░░░░░ 64.5% (633/788)
Android .\index.js ▓▓▓▓▓▓▓▓▓▓░░░░░░ 65.2% (641/794)
Android .\index.js ▓▓▓▓▓▓▓▓▓▓░░░░░░ 68.3% (657/795)
Android .\index.js ▓▓▓▓▓▓▓▓▓▓▓░░░░░ 70.2% (667/817)
Android .\index.js ▓▓▓▓▓▓▓▓▓▓▓░░░░░ 70.2% (669/836)
Android .\index.js ▓▓▓▓▓▓▓▓▓▓▓░░░░░ 70.2% (677/840)
Android .\index.js ▓▓▓▓▓▓▓▓▓▓▓░░░░░ 70.2% (684/842)
Android .\index.js ▓▓▓▓▓▓▓▓▓▓▓░░░░░ 70.2% (685/854)
Android .\index.js ▓▓▓▓▓▓▓▓▓▓▓░░░░░ 70.2% (693/857)
Android .\index.js ▓▓▓▓▓▓▓▓▓▓▓░░░░░ 70.2% (700/871)
Android .\index.js ▓▓▓▓▓▓▓▓▓▓▓░░░░░ 70.2% (720/879)
Android .\index.js ▓▓▓▓▓▓▓▓▓▓▓░░░░░ 71.8% (745/882)
Android .\index.js ▓▓▓▓▓▓▓▓▓▓▓░░░░░ 71.8% (753/897)
Android .\index.js ▓▓▓▓▓▓▓▓▓▓▓░░░░░ 71.8% (763/911)
Android .\index.js ▓▓▓▓▓▓▓▓▓▓▓░░░░░ 71.8% (772/921)
Android .\index.js ▓▓▓▓▓▓▓▓▓▓▓░░░░░ 71.8% (785/931)
Android .\index.js ▓▓▓▓▓▓▓▓▓▓▓░░░░░ 72.0% (795/937)
Android .\index.js ▓▓▓▓▓▓▓▓▓▓▓░░░░░ 72.7% (802/944)
Android .\index.js ▓▓▓▓▓▓▓▓▓▓▓░░░░░ 72.7% (813/962)
Android .\index.js ▓▓▓▓▓▓▓▓▓▓▓░░░░░ 74.8% (838/969)
Android .\index.js ▓▓▓▓▓▓▓▓▓▓▓▓░░░░ 77.7% (859/975)
Android .\index.js ▓▓▓▓▓▓▓▓▓▓▓▓░░░░ 79.7% (874/979)
Android .\index.js ▓▓▓▓▓▓▓▓▓▓▓▓▓░░░ 82.1% (889/981)
Android .\index.js ▓▓▓▓▓▓▓▓▓▓▓▓▓░░░ 82.7% (895/985)
Android .\index.js ▓▓▓▓▓▓▓▓▓▓▓▓▓░░░ 82.9% ( 902/1020)
Android .\index.js ▓▓▓▓▓▓▓▓▓▓▓▓▓░░░ 82.9% ( 904/1067)
Android .\index.js ▓▓▓▓▓▓▓▓▓▓▓▓▓░░░ 82.9% ( 912/1069)
Android .\index.js ▓▓▓▓▓▓▓▓▓▓▓▓▓░░░ 82.9% ( 917/1073)
Android .\index.js ▓▓▓▓▓▓▓▓▓▓▓▓▓░░░ 82.9% ( 924/1079)
Android .\index.js ▓▓▓▓▓▓▓▓▓▓▓▓▓░░░ 82.9% ( 926/1080)
Android .\index.js ▓▓▓▓▓▓▓▓▓▓▓▓▓░░░ 82.9% ( 941/1083)
Android .\index.js ▓▓▓▓▓▓▓▓▓▓▓▓▓░░░ 82.9% ( 959/1085)
Android .\index.js ▓▓▓▓▓▓▓▓▓▓▓▓▓░░░ 82.9% ( 977/1087)
Android .\index.js ▓▓▓▓▓▓▓▓▓▓▓▓▓░░░ 82.9% ( 982/1091)
Android .\index.js ▓▓▓▓▓▓▓▓▓▓▓▓▓░░░ 83.1% ( 998/1095)
Android .\index.js ▓▓▓▓▓▓▓▓▓▓▓▓▓░░░ 86.6% (1019/1096)
Android .\index.js ▓▓▓▓▓▓▓▓▓▓▓▓▓▓░░ 88.1% (1035/1103)
Android .\index.js ▓▓▓▓▓▓▓▓▓▓▓▓▓▓░░ 90.0% (1052/1109)
Android .\index.js ▓▓▓▓▓▓▓▓▓▓▓▓▓▓▓░ 94.3% (1079/1111)
Android .\index.js ▓▓▓▓▓▓▓▓▓▓▓▓▓▓▓░ 94.9% (1084/1127)
Android .\index.js ▓▓▓▓▓▓▓▓▓▓▓▓▓▓▓░ 95.6% (1106/1134)
Android .\index.js ▓▓▓▓▓▓▓▓▓▓▓▓▓▓▓░ 96.0% (1118/1150)
Android .\index.js ▓▓▓▓▓▓▓▓▓▓▓▓▓▓▓░ 96.0% (1121/1157)
Android .\index.js ▓▓▓▓▓▓▓▓▓▓▓▓▓▓▓░ 96.0% (1133/1166)
Android .\index.js ▓▓▓▓▓▓▓▓▓▓▓▓▓▓▓░ 96.0% (1140/1176)
Android .\index.js ▓▓▓▓▓▓▓▓▓▓▓▓▓▓▓░ 96.1% (1155/1180)
Android .\index.js ▓▓▓▓▓▓▓▓▓▓▓▓▓▓▓░ 96.7% (1167/1187)
Android .\index.js ▓▓▓▓▓▓▓▓▓▓▓▓▓▓▓░ 98.7% (1184/1193)
Android .\index.js ▓▓▓▓▓▓▓▓▓▓▓▓▓▓▓░ 99.8% (1192/1193)
Android .\index.js ▓▓▓▓▓▓▓▓▓▓▓▓▓▓▓░ 99.9% (1193/1193)
Android Bundled 530218ms index.js (1193 modules)
Android .\index.js ▓▓▓▓▓▓▓▓▓▓▓▓▓▓▓░ 99.9% (1193/1193)
Android .\index.js ░░░░░░░░░░░░░░░░  0.0% (0/1)
Android Bundled 9375ms index.js (1 module)
Android .\index.js ░░░░░░░░░░░░░░░░  0.0% (0/1)
